INST:    1100 0000 0000 0001 lbi r0, 0x1 ***DIFF***
ARCH:    INUM:        0 PC: 0x0000 REG: 0 VALUE: 0x0001
VERILOG: INUM:        0 PC: 0x0000
INST:    0000 1000 0000 0000 nop  
ARCH:    INUM:        1 PC: 0x0002
VERILOG: INUM:        1 PC: 0x0002
INST:    0000 1000 0000 0000 nop  
ARCH:    INUM:        2 PC: 0x0004
VERILOG: INUM:        2 PC: 0x0004
INST:    0000 1000 0000 0000 nop  
ARCH:    INUM:        3 PC: 0x0006
VERILOG: INUM:        3 PC: 0x0006
INST:    0000 1000 0000 0000 nop ***DIFF***
ARCH:    INUM:        4 PC: 0x0008
VERILOG: INUM:        4 PC: 0x0008 REG: 0 VALUE: 0x0001
INST:    0000 1000 0000 0000 nop  
ARCH:    INUM:        5 PC: 0x000a
VERILOG: INUM:        5 PC: 0x000a
INST:    1100 0001 0000 0010 lbi r1, 0x2 ***DIFF***
ARCH:    INUM:        6 PC: 0x000c REG: 1 VALUE: 0x0002
VERILOG: INUM:        6 PC: 0x000c
INST:    0000 1000 0000 0000 nop  
ARCH:    INUM:        7 PC: 0x000e
VERILOG: INUM:        7 PC: 0x000e
INST:    0000 1000 0000 0000 nop  
ARCH:    INUM:        8 PC: 0x0010
VERILOG: INUM:        8 PC: 0x0010
INST:    0000 1000 0000 0000 nop  
ARCH:    INUM:        9 PC: 0x0012
VERILOG: INUM:        9 PC: 0x0012
INST:    0000 1000 0000 0000 nop ***DIFF***
ARCH:    INUM:       10 PC: 0x0014
VERILOG: INUM:       10 PC: 0x0014 REG: 1 VALUE: 0x0002
INST:    0000 1000 0000 0000 nop  
ARCH:    INUM:       11 PC: 0x0016
VERILOG: INUM:       11 PC: 0x0016
INST:    1101 1001 0000 1000 add r2, r1, r0 ***DIFF***
ARCH:    INUM:       12 PC: 0x0018 REG: 2 VALUE: 0x0003
VERILOG: INUM:       12 PC: 0x0018
INST:    0000 1000 0000 0000 nop  
ARCH:    INUM:       13 PC: 0x001a
VERILOG: INUM:       13 PC: 0x001a
INST:    0000 1000 0000 0000 nop  
ARCH:    INUM:       14 PC: 0x001c
VERILOG: INUM:       14 PC: 0x001c
INST:    0000 1000 0000 0000 nop  
ARCH:    INUM:       15 PC: 0x001e
VERILOG: INUM:       15 PC: 0x001e
INST:    0000 1000 0000 0000 nop ***DIFF***
ARCH:    INUM:       16 PC: 0x0020
VERILOG: INUM:       16 PC: 0x0020 REG: 2 VALUE: 0x0003
INST:    0000 1000 0000 0000 nop  
ARCH:    INUM:       17 PC: 0x0022
VERILOG: INUM:       17 PC: 0x0022
INST:    1101 1001 0000 1001 sub r2, r1, r0 ***DIFF***
ARCH:    INUM:       18 PC: 0x0024 REG: 2 VALUE: 0xffff
VERILOG: INUM:       18 PC: 0x0024
INST:    0000 1000 0000 0000 nop  
ARCH:    INUM:       19 PC: 0x0026
VERILOG: INUM:       19 PC: 0x0026
INST:    0000 1000 0000 0000 nop  
ARCH:    INUM:       20 PC: 0x0028
VERILOG: INUM:       20 PC: 0x0028
INST:    0000 1000 0000 0000 nop  
ARCH:    INUM:       21 PC: 0x002a
VERILOG: INUM:       21 PC: 0x002a
INST:    0000 1000 0000 0000 nop ***DIFF***
ARCH:    INUM:       22 PC: 0x002c
VERILOG: INUM:       22 PC: 0x002c REG: 2 VALUE: 0xffff
INST:    0000 1000 0000 0000 nop  
ARCH:    INUM:       23 PC: 0x002e
VERILOG: INUM:       23 PC: 0x002e
INST:    0000 1000 0000 0000 nop  
ARCH:    INUM:       24 PC: 0x0030
VERILOG: INUM:       24 PC: 0x0030
INST:    1101 1001 0000 1010 xor r2, r1, r0 ***DIFF***
ARCH:    INUM:       25 PC: 0x0032 REG: 2 VALUE: 0x0003
VERILOG: INUM:       25 PC: 0x0032
INST:    0000 1000 0000 0000 nop  
ARCH:    INUM:       26 PC: 0x0034
VERILOG: INUM:       26 PC: 0x0034
INST:    0000 1000 0000 0000 nop  
ARCH:    INUM:       27 PC: 0x0036
VERILOG: INUM:       27 PC: 0x0036
INST:    0000 1000 0000 0000 nop  
ARCH:    INUM:       28 PC: 0x0038
VERILOG: INUM:       28 PC: 0x0038
INST:    0000 1000 0000 0000 nop ***DIFF***
ARCH:    INUM:       29 PC: 0x003a
VERILOG: INUM:       29 PC: 0x003a REG: 2 VALUE: 0x0003
INST:    0000 1000 0000 0000 nop  
ARCH:    INUM:       30 PC: 0x003c
VERILOG: INUM:       30 PC: 0x003c
INST:    0000 1000 0000 0000 nop  
ARCH:    INUM:       31 PC: 0x003e
VERILOG: INUM:       31 PC: 0x003e
INST:    1101 1001 0000 1011 andn r2, r1, r0 ***DIFF***
ARCH:    INUM:       32 PC: 0x0040 REG: 2 VALUE: 0x0002
VERILOG: INUM:       32 PC: 0x0040
INST:    0000 1000 0000 0000 nop  
ARCH:    INUM:       33 PC: 0x0042
VERILOG: INUM:       33 PC: 0x0042
INST:    0000 1000 0000 0000 nop  
ARCH:    INUM:       34 PC: 0x0044
VERILOG: INUM:       34 PC: 0x0044
INST:    0000 1000 0000 0000 nop  
ARCH:    INUM:       35 PC: 0x0046
VERILOG: INUM:       35 PC: 0x0046
INST:    0000 1000 0000 0000 nop ***DIFF***
ARCH:    INUM:       36 PC: 0x0048
VERILOG: INUM:       36 PC: 0x0048 REG: 2 VALUE: 0x0002
INST:    0000 1000 0000 0000 nop  
ARCH:    INUM:       37 PC: 0x004a
VERILOG: INUM:       37 PC: 0x004a
INST:    0000 1000 0000 0000 nop  
ARCH:    INUM:       38 PC: 0x004c
VERILOG: INUM:       38 PC: 0x004c
INST:    1101 0001 0000 1010 rol r2, r1, r0 ***DIFF***
ARCH:    INUM:       39 PC: 0x004e REG: 2 VALUE: 0x0004
VERILOG: INUM:       39 PC: 0x004e
INST:    0000 1000 0000 0000 nop  
ARCH:    INUM:       40 PC: 0x0050
VERILOG: INUM:       40 PC: 0x0050
INST:    0000 1000 0000 0000 nop  
ARCH:    INUM:       41 PC: 0x0052
VERILOG: INUM:       41 PC: 0x0052
INST:    0000 1000 0000 0000 nop  
ARCH:    INUM:       42 PC: 0x0054
VERILOG: INUM:       42 PC: 0x0054
INST:    0000 1000 0000 0000 nop ***DIFF***
ARCH:    INUM:       43 PC: 0x0056
VERILOG: INUM:       43 PC: 0x0056 REG: 2 VALUE: 0x0004
INST:    0000 1000 0000 0000 nop  
ARCH:    INUM:       44 PC: 0x0058
VERILOG: INUM:       44 PC: 0x0058
INST:    0000 1000 0000 0000 nop  
ARCH:    INUM:       45 PC: 0x005a
VERILOG: INUM:       45 PC: 0x005a
INST:    1101 0001 0000 1000 sll r2, r1, r0 ***DIFF***
ARCH:    INUM:       46 PC: 0x005c REG: 2 VALUE: 0x0004
VERILOG: INUM:       46 PC: 0x005c
INST:    0000 1000 0000 0000 nop  
ARCH:    INUM:       47 PC: 0x005e
VERILOG: INUM:       47 PC: 0x005e
INST:    0000 1000 0000 0000 nop  
ARCH:    INUM:       48 PC: 0x0060
VERILOG: INUM:       48 PC: 0x0060
INST:    0000 1000 0000 0000 nop  
ARCH:    INUM:       49 PC: 0x0062
VERILOG: INUM:       49 PC: 0x0062
INST:    0000 1000 0000 0000 nop ***DIFF***
ARCH:    INUM:       50 PC: 0x0064
VERILOG: INUM:       50 PC: 0x0064 REG: 2 VALUE: 0x0004
INST:    0000 1000 0000 0000 nop  
ARCH:    INUM:       51 PC: 0x0066
VERILOG: INUM:       51 PC: 0x0066
INST:    0000 1000 0000 0000 nop  
ARCH:    INUM:       52 PC: 0x0068
VERILOG: INUM:       52 PC: 0x0068
INST:    1101 0001 0000 1011 ror r2, r1, r0 ***DIFF***
ARCH:    INUM:       53 PC: 0x006a REG: 2 VALUE: 0x0001
VERILOG: INUM:       53 PC: 0x006a
INST:    0000 1000 0000 0000 nop  
ARCH:    INUM:       54 PC: 0x006c
VERILOG: INUM:       54 PC: 0x006c
INST:    0000 1000 0000 0000 nop  
ARCH:    INUM:       55 PC: 0x006e
VERILOG: INUM:       55 PC: 0x006e
INST:    0000 1000 0000 0000 nop  
ARCH:    INUM:       56 PC: 0x0070
VERILOG: INUM:       56 PC: 0x0070
INST:    0000 1000 0000 0000 nop ***DIFF***
ARCH:    INUM:       57 PC: 0x0072
VERILOG: INUM:       57 PC: 0x0072 REG: 2 VALUE: 0x0001
INST:    0000 1000 0000 0000 nop  
ARCH:    INUM:       58 PC: 0x0074
VERILOG: INUM:       58 PC: 0x0074
INST:    0000 1000 0000 0000 nop  
ARCH:    INUM:       59 PC: 0x0076
VERILOG: INUM:       59 PC: 0x0076
INST:    1101 0001 0000 1001 srl r2, r1, r0 ***DIFF***
ARCH:    INUM:       60 PC: 0x0078 REG: 2 VALUE: 0x0001
VERILOG: INUM:       60 PC: 0x0078
INST:    0000 1000 0000 0000 nop  
ARCH:    INUM:       61 PC: 0x007a
VERILOG: INUM:       61 PC: 0x007a
INST:    0000 1000 0000 0000 nop  
ARCH:    INUM:       62 PC: 0x007c
VERILOG: INUM:       62 PC: 0x007c
INST:    0000 1000 0000 0000 nop  
ARCH:    INUM:       63 PC: 0x007e
VERILOG: INUM:       63 PC: 0x007e
INST:    0000 1000 0000 0000 nop ***DIFF***
ARCH:    INUM:       64 PC: 0x0080
VERILOG: INUM:       64 PC: 0x0080 REG: 2 VALUE: 0x0001
INST:    0000 1000 0000 0000 nop  
ARCH:    INUM:       65 PC: 0x0082
VERILOG: INUM:       65 PC: 0x0082
INST:    0000 1000 0000 0000 nop  
ARCH:    INUM:       66 PC: 0x0084
VERILOG: INUM:       66 PC: 0x0084
INST:    1110 0001 0000 1000 seq r2, r1, r0 ***DIFF***
ARCH:    INUM:       67 PC: 0x0086 REG: 2 VALUE: 0x0000
VERILOG: INUM:       67 PC: 0x0086
INST:    0000 1000 0000 0000 nop  
ARCH:    INUM:       68 PC: 0x0088
VERILOG: INUM:       68 PC: 0x0088
INST:    0000 1000 0000 0000 nop  
ARCH:    INUM:       69 PC: 0x008a
VERILOG: INUM:       69 PC: 0x008a
INST:    0000 1000 0000 0000 nop  
ARCH:    INUM:       70 PC: 0x008c
VERILOG: INUM:       70 PC: 0x008c
INST:    0000 1000 0000 0000 nop ***DIFF***
ARCH:    INUM:       71 PC: 0x008e
VERILOG: INUM:       71 PC: 0x008e REG: 2 VALUE: 0x0000
INST:    0000 1000 0000 0000 nop  
ARCH:    INUM:       72 PC: 0x0090
VERILOG: INUM:       72 PC: 0x0090
INST:    0000 1000 0000 0000 nop  
ARCH:    INUM:       73 PC: 0x0092
VERILOG: INUM:       73 PC: 0x0092
INST:    1110 1001 0000 1000 slt r2, r1, r0 ***DIFF***
ARCH:    INUM:       74 PC: 0x0094 REG: 2 VALUE: 0x0000
VERILOG: INUM:       74 PC: 0x0094
INST:    0000 1000 0000 0000 nop  
ARCH:    INUM:       75 PC: 0x0096
VERILOG: INUM:       75 PC: 0x0096
INST:    0000 1000 0000 0000 nop  
ARCH:    INUM:       76 PC: 0x0098
VERILOG: INUM:       76 PC: 0x0098
INST:    0000 1000 0000 0000 nop  
ARCH:    INUM:       77 PC: 0x009a
VERILOG: INUM:       77 PC: 0x009a
INST:    0000 1000 0000 0000 nop ***DIFF***
ARCH:    INUM:       78 PC: 0x009c
VERILOG: INUM:       78 PC: 0x009c REG: 2 VALUE: 0x0000
INST:    0000 1000 0000 0000 nop  
ARCH:    INUM:       79 PC: 0x009e
VERILOG: INUM:       79 PC: 0x009e
INST:    0000 1000 0000 0000 nop  
ARCH:    INUM:       80 PC: 0x00a0
VERILOG: INUM:       80 PC: 0x00a0
INST:    1111 0001 0000 1000 sle r2, r1, r0 ***DIFF***
ARCH:    INUM:       81 PC: 0x00a2 REG: 2 VALUE: 0x0000
VERILOG: INUM:       81 PC: 0x00a2
INST:    0000 1000 0000 0000 nop  
ARCH:    INUM:       82 PC: 0x00a4
VERILOG: INUM:       82 PC: 0x00a4
INST:    0000 1000 0000 0000 nop  
ARCH:    INUM:       83 PC: 0x00a6
VERILOG: INUM:       83 PC: 0x00a6
INST:    0000 1000 0000 0000 nop  
ARCH:    INUM:       84 PC: 0x00a8
VERILOG: INUM:       84 PC: 0x00a8
INST:    0000 1000 0000 0000 nop ***DIFF***
ARCH:    INUM:       85 PC: 0x00aa
VERILOG: INUM:       85 PC: 0x00aa REG: 2 VALUE: 0x0000
INST:    0000 1000 0000 0000 nop  
ARCH:    INUM:       86 PC: 0x00ac
VERILOG: INUM:       86 PC: 0x00ac
INST:    0000 1000 0000 0000 nop  
ARCH:    INUM:       87 PC: 0x00ae
VERILOG: INUM:       87 PC: 0x00ae
INST:    1111 1001 0000 1000 sco r2, r1, r0 ***DIFF***
ARCH:    INUM:       88 PC: 0x00b0 REG: 2 VALUE: 0x0000
VERILOG: INUM:       88 PC: 0x00b0
INST:    0000 1000 0000 0000 nop  
ARCH:    INUM:       89 PC: 0x00b2
VERILOG: INUM:       89 PC: 0x00b2
INST:    0000 1000 0000 0000 nop  
ARCH:    INUM:       90 PC: 0x00b4
VERILOG: INUM:       90 PC: 0x00b4
INST:    0000 1000 0000 0000 nop  
ARCH:    INUM:       91 PC: 0x00b6
VERILOG: INUM:       91 PC: 0x00b6
INST:    0000 1000 0000 0000 nop ***DIFF***
ARCH:    INUM:       92 PC: 0x00b8
VERILOG: INUM:       92 PC: 0x00b8 REG: 2 VALUE: 0x0000
INST:    0000 1000 0000 0000 nop  
ARCH:    INUM:       93 PC: 0x00ba
VERILOG: INUM:       93 PC: 0x00ba
INST:    0000 1000 0000 0000 nop  
ARCH:    INUM:       94 PC: 0x00bc
VERILOG: INUM:       94 PC: 0x00bc
INST:    1100 1001 0000 1000 btr r2, r1 ***DIFF***
ARCH:    INUM:       95 PC: 0x00be REG: 2 VALUE: 0x4000
VERILOG: INUM:       95 PC: 0x00be
INST:    0000 1000 0000 0000 nop  
ARCH:    INUM:       96 PC: 0x00c0
VERILOG: INUM:       96 PC: 0x00c0
INST:    0000 1000 0000 0000 nop  
ARCH:    INUM:       97 PC: 0x00c2
VERILOG: INUM:       97 PC: 0x00c2
INST:    0000 1000 0000 0000 nop  
ARCH:    INUM:       98 PC: 0x00c4
VERILOG: INUM:       98 PC: 0x00c4
INST:    0000 1000 0000 0000 nop ***DIFF***
ARCH:    INUM:       99 PC: 0x00c6
VERILOG: INUM:       99 PC: 0x00c6 REG: 2 VALUE: 0x4000
INST:    0000 1000 0000 0000 nop  
ARCH:    INUM:      100 PC: 0x00c8
VERILOG: INUM:      100 PC: 0x00c8
INST:    0000 1000 0000 0000 nop  
ARCH:    INUM:      101 PC: 0x00ca
VERILOG: INUM:      101 PC: 0x00ca
INST:    0000 0000 0000 0000 halt  
ARCH:    INUM:      102 PC: 0x00cc
VERILOG: INUM:      102 PC: 0x00cc
Arch trace has a PC not defined in binary image. Panic.
 
